2026-03-25 18:03:21,571 - DEBUG - La aplicaciµn ha iniciado correctamente
2026-03-25 18:04:16,817 - DEBUG - La aplicaciµn ha iniciado correctamente
2026-03-25 18:06:07,847 - DEBUG - La aplicaciµn ha iniciado correctamente
2026-03-25 18:06:34,488 - DEBUG - La aplicaciµn ha iniciado correctamente
2026-03-25 18:08:24,463 - DEBUG - La aplicaciµn ha iniciado correctamente
2026-03-25 18:08:36,715 - DEBUG - La aplicaciµn ha iniciado correctamente
2026-03-25 18:09:15,364 - DEBUG - La aplicaciµn ha iniciado correctamente
2026-03-25 18:10:43,865 - DEBUG - La aplicaciµn ha iniciado correctamente
2026-03-25 18:11:46,036 - DEBUG - La aplicaciµn ha iniciado correctamente
2026-03-25 18:12:03,725 - DEBUG - La aplicaciµn ha iniciado correctamente
2026-03-25 18:14:09,339 - DEBUG - La aplicaciµn ha iniciado correctamente
2026-03-25 18:15:06,971 - DEBUG - La aplicaciµn ha iniciado correctamente
2026-03-25 18:16:21,713 - DEBUG - La aplicaciµn ha iniciado correctamente
2026-03-25 18:16:28,603 - DEBUG - La aplicaciµn ha iniciado correctamente
2026-03-25 18:16:51,505 - DEBUG - La aplicaciµn ha iniciado correctamente
2026-03-25 18:17:36,778 - DEBUG - La aplicaciµn ha iniciado correctamente
2026-03-25 18:17:37,322 - DEBUG - La aplicaciµn ha iniciado correctamente
2026-03-25 18:18:20,032 - DEBUG - La aplicaciµn ha iniciado correctamente
2026-03-25 18:18:20,525 - DEBUG - La aplicaciµn ha iniciado correctamente
2026-03-25 18:19:09,687 - DEBUG - La aplicaciµn ha iniciado correctamente
2026-03-25 18:19:10,180 - DEBUG - La aplicaciµn ha iniciado correctamente
2026-03-25 18:20:07,433 - DEBUG - La aplicaciµn ha iniciado correctamente
2026-03-25 18:20:19,002 - DEBUG - La aplicaciµn ha iniciado correctamente
2026-03-25 18:20:19,708 - DEBUG - La aplicaciµn ha iniciado correctamente
2026-03-25 18:20:31,945 - DEBUG - La aplicaciµn ha iniciado correctamente
2026-03-25 18:20:32,430 - DEBUG - La aplicaciµn ha iniciado correctamente
2026-03-25 18:24:34,401 - DEBUG - La aplicaciµn ha iniciado correctamente
2026-03-25 18:27:36,920 - DEBUG - La aplicaciµn ha iniciado correctamente
2026-03-25 18:28:02,507 - DEBUG - La aplicaciµn ha iniciado correctamente
2026-03-25 18:28:50,359 - DEBUG - La aplicaciµn ha iniciado correctamente
2026-03-25 18:28:50,850 - DEBUG - La aplicaciµn ha iniciado correctamente
2026-03-25 18:40:10,923 - DEBUG - La aplicaciµn ha iniciado correctamente
2026-03-25 18:40:11,453 - DEBUG - La aplicaciµn ha iniciado correctamente
2026-03-25 18:40:27,703 - DEBUG - La aplicaciµn ha iniciado correctamente
2026-03-25 18:45:15,687 - DEBUG - La aplicaciµn ha iniciado correctamente
2026-03-25 18:45:17,380 - DEBUG - La aplicaciµn ha iniciado correctamente
2026-03-25 18:46:28,971 - DEBUG - La aplicaciµn ha iniciado correctamente
2026-03-25 18:46:40,374 - DEBUG - La aplicaciµn ha iniciado correctamente
2026-03-25 18:46:40,870 - DEBUG - La aplicaciµn ha iniciado correctamente
2026-03-25 18:46:44,619 - DEBUG - La aplicaciµn ha iniciado correctamente
2026-03-25 18:46:49,445 - DEBUG - La aplicaciµn ha iniciado correctamente
2026-03-25 18:48:36,735 - DEBUG - La aplicaciµn ha iniciado correctamente
2026-03-25 18:48:37,231 - DEBUG - La aplicaciµn ha iniciado correctamente
2026-03-25 18:53:26,527 - DEBUG - La aplicaciµn ha iniciado correctamente
2026-03-25 18:53:37,635 - DEBUG - La aplicaciµn ha iniciado correctamente
2026-03-25 18:54:43,004 - DEBUG - La aplicaciµn ha iniciado correctamente
2026-03-25 18:57:18,960 - DEBUG - La aplicaciµn ha iniciado correctamente
2026-03-25 18:57:31,092 - DEBUG - La aplicaciµn ha iniciado correctamente
2026-03-25 18:58:04,058 - DEBUG - La aplicaciµn ha iniciado correctamente
2026-03-25 18:58:52,817 - DEBUG - La aplicaciµn ha iniciado correctamente
2026-03-25 18:58:53,308 - DEBUG - La aplicaciµn ha iniciado correctamente
2026-03-25 19:02:04,845 - DEBUG - La aplicaciµn ha iniciado correctamente
2026-03-25 19:02:05,466 - DEBUG - La aplicaciµn ha iniciado correctamente
2026-03-25 19:02:37,277 - DEBUG - La aplicaciµn ha iniciado correctamente
2026-03-25 19:08:27,930 - DEBUG - La aplicaciµn ha iniciado correctamente
2026-03-25 19:08:28,410 - DEBUG - La aplicaciµn ha iniciado correctamente
2026-03-25 19:08:42,545 - DEBUG - La aplicaciµn ha iniciado correctamente
2026-03-25 19:10:34,696 - DEBUG - La aplicaciµn ha iniciado correctamente
2026-03-25 19:15:37,721 - DEBUG - La aplicaciµn ha iniciado correctamente
2026-03-25 19:15:38,202 - DEBUG - La aplicaciµn ha iniciado correctamente
2026-03-25 19:17:02,206 - DEBUG - La aplicaciµn ha iniciado correctamente
2026-03-25 19:17:41,383 - DEBUG - La aplicaciµn ha iniciado correctamente
2026-03-25 19:17:53,908 - DEBUG - La aplicaciµn ha iniciado correctamente
2026-03-25 19:17:54,386 - DEBUG - La aplicaciµn ha iniciado correctamente
2026-03-25 19:18:14,726 - INFO - Loggin exitoso: admin@example.com
2026-03-25 19:23:21,753 - DEBUG - La aplicaciµn ha iniciado correctamente
2026-03-25 19:23:57,779 - DEBUG - La aplicaciµn ha iniciado correctamente
2026-03-25 19:27:30,358 - INFO - Loggin exitoso: admin@example.com
2026-03-25 19:55:02,343 - INFO - Loggin exitoso: admin@example.com
2026-03-25 19:56:41,025 - DEBUG - La aplicaciµn ha iniciado correctamente
2026-03-30 08:43:21,435 - DEBUG - La aplicaciµn ha iniciado correctamente
2026-03-30 08:43:22,160 - DEBUG - La aplicaciµn ha iniciado correctamente
2026-03-30 08:46:38,010 - DEBUG - La aplicaciµn ha iniciado correctamente
2026-03-30 08:46:57,445 - DEBUG - La aplicaciµn ha iniciado correctamente
2026-03-30 08:51:05,437 - DEBUG - La aplicaciµn ha iniciado correctamente
2026-03-30 08:53:25,722 - DEBUG - La aplicaciµn ha iniciado correctamente
2026-03-30 08:55:45,912 - DEBUG - La aplicaciµn ha iniciado correctamente
2026-03-30 08:55:48,614 - DEBUG - La aplicaciµn ha iniciado correctamente
2026-03-30 08:55:50,312 - DEBUG - La aplicaciµn ha iniciado correctamente
2026-03-30 08:56:56,633 - DEBUG - La aplicaciµn ha iniciado correctamente
2026-03-30 08:56:59,427 - DEBUG - La aplicaciµn ha iniciado correctamente
2026-03-30 08:57:09,150 - DEBUG - La aplicaciµn ha iniciado correctamente
2026-03-30 08:57:09,665 - DEBUG - La aplicaciµn ha iniciado correctamente
2026-03-30 09:00:19,132 - DEBUG - La aplicaciµn ha iniciado correctamente
2026-03-30 09:01:06,325 - DEBUG - La aplicaciµn ha iniciado correctamente
2026-03-30 09:01:30,053 - DEBUG - La aplicaciµn ha iniciado correctamente
2026-03-30 09:01:51,945 - DEBUG - La aplicaciµn ha iniciado correctamente
2026-03-30 09:01:52,443 - DEBUG - La aplicaciµn ha iniciado correctamente
2026-03-30 09:02:01,343 - DEBUG - La aplicaciµn ha iniciado correctamente
2026-03-30 09:02:01,844 - DEBUG - La aplicaciµn ha iniciado correctamente
2026-03-30 09:04:31,648 - DEBUG - La aplicaciµn ha iniciado correctamente
2026-03-30 09:04:38,356 - DEBUG - La aplicaciµn ha iniciado correctamente
2026-03-30 09:04:38,909 - DEBUG - La aplicaciµn ha iniciado correctamente
2026-03-30 09:04:44,247 - DEBUG - La aplicaciµn ha iniciado correctamente
2026-03-30 09:04:44,780 - DEBUG - La aplicaciµn ha iniciado correctamente
2026-03-30 09:05:28,744 - INFO - Loggin exitoso: admin@example.com
2026-03-30 09:24:38,342 - INFO - Loggin exitoso: juan@example.com
2026-03-30 09:25:41,419 - INFO - Loggin exitoso: admin@example.com
2026-03-30 09:26:42,985 - DEBUG - La aplicaciµn ha iniciado correctamente
2026-03-30 09:27:25,404 - DEBUG - La aplicaciµn ha iniciado correctamente
2026-03-30 09:27:29,156 - DEBUG - La aplicaciµn ha iniciado correctamente
2026-03-30 09:28:01,112 - DEBUG - La aplicaciµn ha iniciado correctamente
2026-03-30 09:28:10,115 - DEBUG - La aplicaciµn ha iniciado correctamente
2026-03-30 09:28:33,756 - DEBUG - La aplicaciµn ha iniciado correctamente
2026-03-30 09:28:41,724 - DEBUG - La aplicaciµn ha iniciado correctamente
2026-03-30 09:29:27,231 - DEBUG - La aplicaciµn ha iniciado correctamente
2026-03-30 09:29:36,225 - DEBUG - La aplicaciµn ha iniciado correctamente
2026-03-30 09:31:49,466 - DEBUG - La aplicaciµn ha iniciado correctamente
2026-03-30 09:43:52,901 - INFO - Loggin exitoso: admin@example.com
2026-03-30 09:46:02,489 - INFO - Loggin exitoso: admin@example.com
2026-03-30 09:51:46,228 - WARNING - Intento fallido de login: admin@example.com
2026-03-30 09:52:05,607 - INFO - Loggin exitoso: admin@example.com
2026-03-30 09:52:55,253 - INFO - Loggin exitoso: admin@example.com
2026-03-30 09:55:30,535 - DEBUG - La aplicaciµn ha iniciado correctamente
2026-03-30 09:55:30,587 - DEBUG - La aplicaciµn ha iniciado correctamente
2026-03-30 09:56:12,795 - INFO - Loggin exitoso: admin@example.com
2026-03-30 09:56:50,857 - INFO - Loggin exitoso: juan@example.com
2026-03-30 10:02:14,713 - WARNING - Intento fallido de login: admin@example.com
2026-03-30 10:02:24,332 - INFO - Loggin exitoso: admin@example.com
2026-03-30 10:18:30,567 - INFO - Loggin exitoso: admin@example.com
2026-03-30 10:19:51,754 - INFO - Loggin exitoso: admin@example.com
2026-03-30 10:21:51,424 - DEBUG - La aplicaciµn ha iniciado correctamente
2026-03-30 10:21:51,482 - DEBUG - La aplicaciµn ha iniciado correctamente
2026-03-30 10:22:11,606 - INFO - Loggin exitoso: admin@example.com
2026-03-30 10:30:01,128 - INFO - Loggin exitoso: admin@example.com
2026-03-30 10:34:23,116 - INFO - Loggin exitoso: admin@example.com
2026-03-30 10:35:38,663 - INFO - Loggin exitoso: admin@example.com
2026-03-30 12:19:33,828 - INFO - Loggin exitoso: admin@example.com
2026-03-30 12:21:31,906 - DEBUG - La aplicaciµn ha iniciado correctamente
2026-03-30 12:21:31,960 - DEBUG - La aplicaciµn ha iniciado correctamente
2026-03-30 12:22:16,050 - DEBUG - La aplicaciµn ha iniciado correctamente
2026-03-30 12:22:16,099 - DEBUG - La aplicaciµn ha iniciado correctamente
2026-03-30 12:22:41,559 - INFO - Loggin exitoso: admin@example.com
2026-03-30 12:42:59,622 - INFO - Loggin exitoso: admin@example.com
2026-03-30 12:48:41,669 - INFO - Loggin exitoso: admin@example.com
2026-03-30 12:50:31,926 - INFO - Loggin exitoso: admin@example.com
2026-03-30 12:53:05,032 - INFO - Loggin exitoso: admin@example.com
2026-03-30 12:53:42,024 - INFO - Loggin exitoso: emmanuel@example.com
2026-03-30 13:01:39,958 - INFO - Loggin exitoso: admin@example.com
2026-03-30 13:02:02,383 - INFO - Loggin exitoso: emmanuel@example.com
2026-03-30 13:02:28,946 - INFO - Loggin exitoso: emmanuel@example.com
2026-03-30 13:10:09,131 - INFO - Loggin exitoso: emmanuel@example.com
2026-03-30 13:10:37,236 - INFO - Loggin exitoso: admin@example.com
2026-03-30 13:19:54,119 - WARNING - Intento fallido de login: emmanuel@example.com
2026-03-30 13:20:04,234 - WARNING - Intento fallido de login: emmanuel@example.com
2026-03-30 13:20:16,770 - INFO - Loggin exitoso: emmanuel@example.com
2026-03-30 13:20:56,553 - INFO - Usuario emiliano@example.com y persona Emiliano creados
2026-03-30 13:24:31,766 - INFO - Loggin exitoso: admin@example.com
2026-03-30 13:25:01,720 - INFO - Loggin exitoso: emmanuel@example.com
2026-03-30 13:25:10,986 - INFO - Loggin exitoso: emmanuel@example.com
2026-03-30 13:25:37,918 - INFO - Loggin exitoso: admin@example.com
2026-03-30 13:25:54,414 - INFO - Loggin exitoso: emmanuel@example.com
2026-03-30 13:27:14,815 - DEBUG - La aplicaciµn ha iniciado correctamente
2026-03-30 13:27:14,867 - DEBUG - La aplicaciµn ha iniciado correctamente
2026-03-30 13:27:50,461 - INFO - Loggin exitoso: emmanuel@example.com
2026-03-30 13:33:04,956 - INFO - Usuario natalia@example.com y persona Natalia creados
2026-03-30 13:33:40,831 - INFO - Loggin exitoso: mariaester@example.com
2026-03-30 13:34:39,654 - INFO - Loggin exitoso: mariaester@example.com
2026-03-30 13:34:42,639 - INFO - Loggin exitoso: mariaester@example.com
2026-03-30 13:34:58,186 - INFO - Loggin exitoso: mariaester@example.com
2026-03-30 13:35:18,591 - INFO - Loggin exitoso: mariaester@example.com
2026-03-30 13:36:22,853 - INFO - Loggin exitoso: mariaester@example.com
2026-03-30 13:36:35,229 - INFO - Loggin exitoso: admin@example.com
2026-03-30 13:44:21,106 - INFO - Loggin exitoso: emmanuel@example.com
2026-03-30 13:53:10,937 - INFO - Loggin exitoso: emmanuel@example.com
2026-03-30 13:54:08,556 - INFO - Loggin exitoso: emmanuel@example.com
2026-03-30 13:54:23,373 - WARNING - Usuario None eliminado
2026-03-30 13:55:49,636 - INFO - Loggin exitoso: emmanuel@example.com
2026-03-30 13:55:59,434 - INFO - user=None (natalia@example.com) estado: False
2026-03-30 13:57:34,975 - INFO - Loggin exitoso: emmanuel@example.com
2026-03-30 13:57:52,495 - INFO - Loggin exitoso: emmanuel@example.com
2026-03-30 13:57:56,225 - INFO - user=Juan (juan@example.com) estado: True
2026-03-30 13:59:38,582 - INFO - Loggin exitoso: emmanuel@example.com
2026-03-30 13:59:42,154 - INFO - user = Natalia Ortiz Reyes (natalia@example.com) estado: False -> True
2026-03-30 13:59:52,308 - INFO - user = Natalia Ortiz Reyes (natalia@example.com) estado: True -> False
2026-03-30 13:59:57,910 - INFO - user = Natalia Ortiz Reyes (natalia@example.com) estado: False -> True
2026-03-30 14:00:38,746 - INFO - Usuario prueba@prueba.prueba y persona PRUEBA INSERT 1 creados
2026-03-30 14:00:51,185 - INFO - user = PRUEBA INSERT 1 PRUEBA INSERT 1 (prueba@prueba.prueba) estado: False -> True
2026-03-30 14:00:56,129 - INFO - user=PRUEBA INSERT 1 PRUEBA INSERT 1 (prueba@prueba.prueba
2026-03-30 14:01:36,756 - INFO - Loggin exitoso: emmanuel@example.com
2026-03-30 14:02:08,840 - INFO - Usuario PRUEBA@PRUEBA.PRUEBA y persona PRUEBA INSERT 1 creados
2026-03-30 14:02:14,882 - INFO - user = PRUEBA INSERT 1 PRUEBA INSERT 1 (PRUEBA@PRUEBA.PRUEBA) estado: True -> False
2026-03-30 14:02:19,069 - INFO - user = PRUEBA INSERT 1 PRUEBA INSERT 1 (PRUEBA@PRUEBA.PRUEBA) estado: False -> True
2026-03-30 14:02:25,260 - WARNING - user=PRUEBA INSERT 1 PRUEBA INSERT 1 PRUEBA@PRUEBA.PRUEBA eliminado
2026-03-30 14:06:50,674 - INFO - Loggin exitoso: emmanuel@example.com
2026-03-30 14:07:10,043 - DEBUG - La aplicaciµn ha iniciado correctamente
2026-03-30 14:07:10,094 - DEBUG - La aplicaciµn ha iniciado correctamente
2026-03-30 14:09:21,067 - DEBUG - La aplicaciµn ha iniciado correctamente
2026-03-30 14:09:21,115 - DEBUG - La aplicaciµn ha iniciado correctamente
2026-03-30 14:10:16,180 - WARNING - Intento fallido de login: emmanuel@example.com
2026-03-30 14:10:25,010 - INFO - Loggin exitoso: emmanuel@example.com
2026-03-30 14:11:09,729 - INFO - Usuario natalia@example.com y persona Natalia creados
2026-03-30 14:11:31,216 - DEBUG - La aplicaciµn ha iniciado correctamente
2026-03-30 14:11:31,276 - DEBUG - La aplicaciµn ha iniciado correctamente
2026-03-30 14:11:58,701 - DEBUG - La aplicaciµn ha iniciado correctamente
2026-03-30 14:11:59,508 - DEBUG - La aplicaciµn ha iniciado correctamente
2026-03-30 14:12:06,612 - INFO - Loggin exitoso: emmanuel@example.com
2026-03-30 14:17:45,335 - INFO - user = Juan (juan@example.com) estado: True -> False
2026-03-30 14:17:47,857 - INFO - user = Juan (juan@example.com) estado: False -> True
2026-03-30 14:19:51,405 - DEBUG - La aplicaciµn ha iniciado correctamente
2026-03-30 14:19:55,788 - INFO - Loggin exitoso: emmanuel@example.com
2026-03-30 14:20:44,107 - DEBUG - La aplicaciµn ha iniciado correctamente
2026-03-30 14:20:49,931 - DEBUG - La aplicaciµn ha iniciado correctamente
2026-03-30 14:20:54,721 - DEBUG - La aplicaciµn ha iniciado correctamente
2026-03-30 14:21:12,291 - INFO - Loggin exitoso: emmanuel@example.com
2026-03-30 14:21:43,516 - INFO - Usuario natalia@example.com y persona Natalia creados
2026-03-30 14:22:00,913 - INFO - user = Natalia Ortiz Reyes natalia@example.com estado: True -> False cambiado por: <User 2>
2026-03-30 14:22:34,324 - DEBUG - La aplicaciµn ha iniciado correctamente
2026-03-30 14:22:38,088 - DEBUG - La aplicaciµn ha iniciado correctamente
2026-03-30 14:22:43,063 - INFO - Loggin exitoso: emmanuel@example.com
2026-03-30 14:22:45,470 - INFO - user = Natalia Ortiz Reyes natalia@example.com estado: False -> True cambiado por: emmanuel@example.com
2026-03-30 14:26:13,308 - DEBUG - La aplicaciµn ha iniciado correctamente
2026-03-30 14:29:14,537 - INFO - Loggin exitoso: emmanuel@example.com
2026-03-30 14:31:50,496 - DEBUG - La aplicaciµn ha iniciado correctamente
2026-03-30 14:32:47,460 - DEBUG - La aplicaciµn ha iniciado correctamente
2026-03-30 14:33:22,905 - DEBUG - La aplicaciµn ha iniciado correctamente
2026-03-30 14:33:23,420 - DEBUG - La aplicaciµn ha iniciado correctamente
2026-03-30 14:35:15,644 - DEBUG - La aplicaciµn ha iniciado correctamente
2026-03-30 14:35:16,184 - DEBUG - La aplicaciµn ha iniciado correctamente
2026-03-30 14:37:14,530 - INFO - Loggin exitoso: emmanuel@example.com
2026-03-30 14:46:12,511 - DEBUG - La aplicaciµn ha iniciado correctamente
2026-03-30 14:46:17,026 - DEBUG - La aplicaciµn ha iniciado correctamente
2026-03-30 14:48:32,680 - DEBUG - La aplicaciµn ha iniciado correctamente
2026-03-30 14:48:33,514 - DEBUG - La aplicaciµn ha iniciado correctamente
2026-03-30 14:48:38,593 - INFO - Loggin exitoso: emmanuel@example.com
2026-03-30 14:49:06,394 - INFO - Usuario natalia@example.com y persona Natalia creados
2026-03-30 14:49:09,902 - INFO - user = Natalia Ortiz Reyes natalia@example.com estado: True -> False cambiado por: emmanuel@example.com
2026-03-30 14:49:11,674 - INFO - user = Natalia Ortiz Reyes natalia@example.com estado: False -> True cambiado por: emmanuel@example.com
2026-03-30 14:49:13,208 - WARNING - user=Natalia Ortiz Reyes natalia@example.com eliminado por emmanuel@example.com 
2026-03-30 14:50:31,418 - INFO - Usuario admin@example.com y persona Emmanuel creados
2026-03-30 14:50:42,522 - INFO - Loggin exitoso: admin@example.com
2026-03-30 14:51:04,748 - INFO - user = Emmanuel emmanuel@example.com estado: True -> False cambiado por: admin@example.com
2026-03-30 14:51:05,984 - INFO - user = Emmanuel emmanuel@example.com estado: False -> True cambiado por: admin@example.com
2026-03-30 14:51:07,740 - INFO - user = Juan juan@example.com estado: True -> False cambiado por: admin@example.com
2026-03-30 14:51:08,325 - INFO - user = Emmanuel emmanuel@example.com estado: True -> False cambiado por: admin@example.com
2026-03-30 14:51:09,492 - INFO - user = Emmanuel emmanuel@example.com estado: False -> True cambiado por: admin@example.com
2026-03-30 14:51:09,896 - INFO - user = Juan juan@example.com estado: False -> True cambiado por: admin@example.com
2026-03-30 14:54:13,738 - DEBUG - La aplicaciµn ha iniciado correctamente
2026-03-30 14:54:41,416 - DEBUG - La aplicaciµn ha iniciado correctamente
2026-03-30 14:55:37,212 - DEBUG - La aplicaciµn ha iniciado correctamente
2026-03-30 14:56:00,776 - DEBUG - La aplicaciµn ha iniciado correctamente
2026-03-30 14:56:13,803 - DEBUG - La aplicaciµn ha iniciado correctamente
2026-03-30 14:58:06,899 - DEBUG - La aplicaciµn ha iniciado correctamente
2026-03-30 15:00:51,116 - DEBUG - La aplicaciµn ha iniciado correctamente
2026-03-30 15:00:51,922 - DEBUG - La aplicaciµn ha iniciado correctamente
2026-03-30 15:01:51,373 - WARNING - Intento fallido de login: admin@example.com
2026-03-30 15:02:02,402 - INFO - Loggin exitoso: admin@example.com
2026-03-30 15:12:38,526 - DEBUG - La aplicaciµn ha iniciado correctamente
2026-03-30 15:12:39,063 - DEBUG - La aplicaciµn ha iniciado correctamente
2026-03-30 15:12:43,560 - INFO - Loggin exitoso: admin@example.com
2026-03-30 15:14:23,850 - DEBUG - La aplicaciµn ha iniciado correctamente
2026-03-30 15:14:24,399 - DEBUG - La aplicaciµn ha iniciado correctamente
2026-03-30 15:14:25,871 - INFO - Loggin exitoso: admin@example.com
2026-03-30 15:16:58,259 - INFO - Usuario natalia@example.com y persona Natalia creados
2026-03-30 15:22:37,360 - DEBUG - La aplicaciµn ha iniciado correctamente
2026-03-30 15:22:48,427 - DEBUG - La aplicaciµn ha iniciado correctamente
2026-03-30 15:23:40,125 - DEBUG - La aplicaciµn ha iniciado correctamente
2026-03-30 15:24:09,984 - DEBUG - La aplicaciµn ha iniciado correctamente
2026-03-30 15:26:57,537 - DEBUG - La aplicaciµn ha iniciado correctamente
2026-03-30 15:27:42,777 - DEBUG - La aplicaciµn ha iniciado correctamente
2026-03-30 15:27:43,289 - DEBUG - La aplicaciµn ha iniciado correctamente
2026-03-30 15:27:55,237 - DEBUG - La aplicaciµn ha iniciado correctamente
2026-03-30 15:27:56,048 - DEBUG - La aplicaciµn ha iniciado correctamente
2026-03-30 15:28:15,848 - INFO - Loggin exitoso: admin@example.com
2026-03-30 15:29:19,047 - DEBUG - La aplicaciµn ha iniciado correctamente
2026-03-30 15:30:34,804 - DEBUG - La aplicaciµn ha iniciado correctamente
2026-03-30 15:30:40,533 - INFO - Loggin exitoso: admin@example.com
2026-03-30 15:31:32,958 - INFO - Usuario jmreyes@liverpool.com creado  Janeth Ma. del Carmen Reyes Ramirez
2026-03-30 15:32:23,962 - DEBUG - La aplicaciµn ha iniciado correctamente
2026-03-30 15:32:41,656 - DEBUG - La aplicaciµn ha iniciado correctamente
2026-03-30 15:33:36,406 - DEBUG - La aplicaciµn ha iniciado correctamente
2026-03-30 15:33:47,285 - DEBUG - La aplicaciµn ha iniciado correctamente
2026-03-30 15:33:48,125 - DEBUG - La aplicaciµn ha iniciado correctamente
2026-03-30 15:34:18,746 - INFO - Loggin exitoso: admin@example.com
2026-03-30 15:34:25,406 - INFO - user = Emmanuel emmanuel@example.com estado: True -> False cambiado por: admin@example.com
2026-03-30 15:34:27,159 - INFO - user = Emmanuel emmanuel@example.com estado: False -> True cambiado por: admin@example.com
2026-03-30 15:39:30,556 - DEBUG - La aplicaciµn ha iniciado correctamente
2026-03-30 15:39:31,092 - DEBUG - La aplicaciµn ha iniciado correctamente
2026-03-30 15:39:33,924 - INFO - Loggin exitoso: admin@example.com
2026-03-30 15:42:45,649 - DEBUG - La aplicaciµn ha iniciado correctamente
2026-03-30 15:43:35,377 - DEBUG - La aplicaciµn ha iniciado correctamente
2026-03-30 15:43:43,970 - INFO - Loggin exitoso: admin@example.com
2026-03-30 15:44:19,462 - INFO - user = Emmanuel emmanuel@example.com estado: True -> False cambiado por: admin@example.com
2026-03-30 15:44:22,279 - INFO - user = Emmanuel emmanuel@example.com estado: False -> True cambiado por: admin@example.com
2026-03-30 15:44:22,869 - INFO - user = Emmanuel emmanuel@example.com estado: True -> False cambiado por: admin@example.com
2026-03-30 15:44:23,461 - INFO - user = Emmanuel emmanuel@example.com estado: False -> True cambiado por: admin@example.com
2026-03-30 15:44:50,267 - DEBUG - La aplicaciµn ha iniciado correctamente
2026-03-30 15:44:50,783 - DEBUG - La aplicaciµn ha iniciado correctamente
2026-03-30 15:44:54,256 - INFO - Loggin exitoso: admin@example.com
2026-03-30 15:49:12,104 - INFO - user = Emmanuel emmanuel@example.com estado: True -> False cambiado por: admin@example.com
2026-03-30 15:49:13,928 - INFO - user = Emmanuel emmanuel@example.com estado: False -> True cambiado por: admin@example.com
2026-03-30 15:55:35,947 - DEBUG - La aplicaciµn ha iniciado correctamente
2026-03-30 15:55:36,483 - DEBUG - La aplicaciµn ha iniciado correctamente
2026-03-30 15:55:39,833 - INFO - Loggin exitoso: admin@example.com
2026-03-30 15:56:14,848 - INFO - Usuario admin@example.com actualizado por admin@example.com
2026-03-30 15:57:00,499 - INFO - Usuario emmanuel@example.com actualizado por admin@example.com
2026-03-30 15:57:16,482 - INFO - user = Emmanuel Ortiz Reyes emmanuel@example.com estado: True -> False cambiado por: admin@example.com
2026-03-30 15:57:17,999 - INFO - user = Emmanuel Ortiz Reyes emmanuel@example.com estado: False -> True cambiado por: admin@example.com
2026-03-30 15:57:42,488 - INFO - Usuario emmanuelortizreyes3@gmail.com actualizado por admin@example.com
2026-03-30 15:58:51,662 - INFO - Usuario jemanu@gmail.com creado  Jose Manuel Ortiz Reyes
2026-03-30 15:59:09,959 - INFO - Usuario jemanu@gmail.com actualizado por admin@example.com
2026-03-30 15:59:21,576 - INFO - Loggin exitoso: jemanu@gmail.com
2026-03-30 15:59:27,946 - WARNING - Intento fallido de login: admin@example.com
2026-03-30 15:59:35,072 - INFO - Loggin exitoso: admin@example.com
2026-03-30 17:47:19,191 - DEBUG - La aplicaciµn ha iniciado correctamente
2026-03-30 17:47:19,730 - DEBUG - La aplicaciµn ha iniciado correctamente
2026-03-30 17:47:22,651 - INFO - Loggin exitoso: admin@example.com
2026-03-30 17:48:55,762 - INFO - Usuario jmreyes@liverpool.com.mx creado  Janeth Ma. del Carmen Reyes Ramirez
2026-03-30 18:51:29,471 - INFO - user = Janeth Ma. del Carmen Reyes Ramirez jmreyes@liverpool.com.mx estado: True -> False cambiado por: admin@example.com
2026-03-30 18:51:30,578 - INFO - user = Emmanuel emmanuel@example.com estado: True -> False cambiado por: admin@example.com
2026-03-30 18:51:31,419 - INFO - user = Jose Manuel Ortiz Reyes jemanu@gmail.com estado: True -> False cambiado por: admin@example.com
2026-03-30 18:51:32,010 - INFO - user = Emmanuel Ortiz Reyes emmanuelortizreyes3@gmail.com estado: True -> False cambiado por: admin@example.com
2026-03-30 18:51:36,044 - INFO - user = Emmanuel Ortiz Reyes emmanuelortizreyes3@gmail.com estado: False -> True cambiado por: admin@example.com
2026-03-30 18:51:36,778 - INFO - user = Jose Manuel Ortiz Reyes jemanu@gmail.com estado: False -> True cambiado por: admin@example.com
2026-03-30 18:51:37,533 - INFO - user = Emmanuel emmanuel@example.com estado: False -> True cambiado por: admin@example.com
2026-03-30 18:51:38,257 - INFO - user = Janeth Ma. del Carmen Reyes Ramirez jmreyes@liverpool.com.mx estado: False -> True cambiado por: admin@example.com
2026-03-30 19:05:50,420 - INFO - user = Emmanuel Ortiz Reyes emmanuelortizreyes3@gmail.com estado: True -> False cambiado por: admin@example.com
2026-03-30 19:05:52,784 - INFO - user = Emmanuel Ortiz Reyes emmanuelortizreyes3@gmail.com estado: False -> True cambiado por: admin@example.com
2026-03-30 19:06:09,390 - INFO - Loggin exitoso: admin@example.com
2026-03-30 19:32:52,317 - DEBUG - La aplicaciµn ha iniciado correctamente
2026-03-30 19:32:52,886 - DEBUG - La aplicaciµn ha iniciado correctamente
2026-03-30 19:32:59,185 - WARNING - Intento fallido | email=admin@example.com | ip=127.0.0.1
2026-03-30 19:33:07,866 - WARNING - Intento fallido | email=admin@example.com | ip=127.0.0.1
2026-03-30 19:33:13,501 - WARNING - Intento fallido | email=admin@example.com | ip=127.0.0.1
2026-03-30 19:33:21,773 - WARNING - Intento fallido | email=admin@example.com | ip=127.0.0.1
2026-03-30 19:33:25,644 - WARNING - Intento fallido | email=admin@example.com | ip=127.0.0.1
2026-03-30 19:33:32,391 - INFO - Login exitoso | email=admin@example.com | ip=127.0.0.1
2026-03-30 19:36:49,752 - DEBUG - La aplicaciµn ha iniciado correctamente
2026-03-30 19:46:10,882 - DEBUG - La aplicaciµn ha iniciado correctamente
2026-03-30 19:46:11,514 - DEBUG - La aplicaciµn ha iniciado correctamente
2026-03-30 19:47:17,336 - DEBUG - La aplicaciµn ha iniciado correctamente
2026-03-30 19:50:17,581 - DEBUG - La aplicaciµn ha iniciado correctamente
2026-03-30 19:50:18,226 - DEBUG - La aplicaciµn ha iniciado correctamente
2026-03-30 19:50:26,893 - WARNING - Intento fallido | email=admin@example.com | ip=127.0.0.1
2026-03-30 19:50:49,492 - WARNING - Intento fallido | email=admin@example.com | ip=127.0.0.1
2026-03-30 19:50:59,365 - WARNING - Intento fallido | email=admin@example.com | ip=127.0.0.1
2026-03-30 19:51:20,135 - WARNING - Intento fallido | email=admin@example.com | ip=127.0.0.1
2026-03-30 19:51:26,728 - WARNING - Usuario bloqueado por intentos | email=admin@example.com
2026-03-30 19:51:26,738 - WARNING - Intento fallido | email=admin@example.com | ip=127.0.0.1
2026-03-30 19:51:47,005 - WARNING - Intento en cuenta bloqueada | email=admin@example.com | ip=127.0.0.1
2026-03-30 19:51:57,766 - WARNING - Intento fallido | email=emmanuel@example.com | ip=127.0.0.1
2026-03-30 19:52:05,865 - INFO - Login exitoso | email=emmanuel@example.com | ip=127.0.0.1
2026-03-30 19:53:23,017 - WARNING - Intento en cuenta bloqueada | email=admin@example.com | ip=127.0.0.1
2026-03-30 19:53:42,491 - WARNING - Intento en cuenta bloqueada | email=admin@example.com | ip=127.0.0.1
2026-03-30 19:54:33,445 - DEBUG - La aplicaciµn ha iniciado correctamente
2026-03-30 19:55:26,549 - WARNING - Intento fallido | email=admi@example.com | ip=127.0.0.1
2026-03-30 19:55:58,062 - WARNING - Intento en cuenta bloqueada | email=admin@example.com | ip=127.0.0.1
2026-03-30 19:56:11,011 - WARNING - Intento en cuenta bloqueada | email=admin@example.com | ip=127.0.0.1
2026-03-30 19:56:22,848 - WARNING - Intento en cuenta bloqueada | email=admin@example.com | ip=127.0.0.1
2026-03-30 19:56:32,603 - DEBUG - La aplicaciµn ha iniciado correctamente
2026-03-30 19:56:33,241 - DEBUG - La aplicaciµn ha iniciado correctamente
2026-03-30 19:59:03,636 - WARNING - Intento fallido | email=emmanuel@example.com | ip=127.0.0.1
2026-03-30 19:59:08,397 - WARNING - Intento fallido | email=emmanuel@example.com | ip=127.0.0.1
2026-03-30 20:01:09,491 - DEBUG - La aplicaciµn ha iniciado correctamente
2026-03-30 20:02:30,167 - WARNING - Intento fallido | email=admin@example.com | ip=127.0.0.1
2026-03-30 20:02:36,761 - INFO - Login exitoso | email=admin@example.com | ip=127.0.0.1
2026-03-30 20:02:58,283 - INFO - Usuario emmanuel@example.com actualizado por admin@example.com
2026-03-30 20:03:14,693 - WARNING - Intento fallido | email=emmanuel@example.com | ip=127.0.0.1
2026-03-30 20:03:29,960 - INFO - Login exitoso | email=emmanuel@example.com | ip=127.0.0.1
2026-03-30 20:04:48,181 - DEBUG - La aplicaciµn ha iniciado correctamente
2026-03-30 20:08:42,034 - DEBUG - La aplicaciµn ha iniciado correctamente
2026-03-30 20:08:42,671 - DEBUG - La aplicaciµn ha iniciado correctamente
2026-03-30 20:09:10,814 - INFO - Login exitoso | email=admin@example.com | ip=127.0.0.1
2026-03-30 20:10:28,304 - INFO - Login exitoso | email=admin@example.com | ip=127.0.0.1
2026-03-30 20:15:05,659 - DEBUG - La aplicaciµn ha iniciado correctamente
2026-03-30 20:15:06,283 - DEBUG - La aplicaciµn ha iniciado correctamente
2026-03-30 20:15:34,803 - INFO - Login exitoso | email=admin@example.com | ip=127.0.0.1
2026-03-30 20:15:44,879 - INFO - Login exitoso | email=admin@example.com | ip=127.0.0.1
2026-03-30 20:16:30,003 - INFO - Usuario PRUEBA@PRUEBA.PRUEBA creado  PRUEBA 1 PRUEBA 1 PRUEBA 1
2026-03-30 20:19:01,919 - DEBUG - La aplicaciµn ha iniciado correctamente
2026-03-30 20:19:29,972 - DEBUG - La aplicaciµn ha iniciado correctamente
2026-03-30 20:20:18,208 - INFO - Login exitoso | email=admin@example.com | ip=127.0.0.1
2026-03-30 20:20:18,217 - WARNING - Sesiµn invÃlida | user=1
2026-03-30 20:20:18,223 - WARNING - Sesiµn invÃlida | user=1
2026-03-30 20:20:18,228 - WARNING - Sesiµn invÃlida | user=1
2026-03-30 20:20:18,233 - WARNING - Sesiµn invÃlida | user=1
2026-03-30 20:20:18,238 - WARNING - Sesiµn invÃlida | user=1
2026-03-30 20:20:18,242 - WARNING - Sesiµn invÃlida | user=1
2026-03-30 20:20:18,246 - WARNING - Sesiµn invÃlida | user=1
2026-03-30 20:20:18,253 - WARNING - Sesiµn invÃlida | user=1
2026-03-30 20:20:18,258 - WARNING - Sesiµn invÃlida | user=1
2026-03-30 20:20:18,263 - WARNING - Sesiµn invÃlida | user=1
2026-03-30 20:20:18,268 - WARNING - Sesiµn invÃlida | user=1
2026-03-30 20:20:18,273 - WARNING - Sesiµn invÃlida | user=1
2026-03-30 20:20:18,277 - WARNING - Sesiµn invÃlida | user=1
2026-03-30 20:20:18,283 - WARNING - Sesiµn invÃlida | user=1
2026-03-30 20:20:18,288 - WARNING - Sesiµn invÃlida | user=1
2026-03-30 20:20:18,294 - WARNING - Sesiµn invÃlida | user=1
2026-03-30 20:20:18,299 - WARNING - Sesiµn invÃlida | user=1
2026-03-30 20:20:18,308 - WARNING - Sesiµn invÃlida | user=1
2026-03-30 20:20:18,313 - WARNING - Sesiµn invÃlida | user=1
2026-03-30 20:20:19,346 - WARNING - Sesiµn invÃlida | user=1
2026-03-30 20:20:19,351 - WARNING - Sesiµn invÃlida | user=1
2026-03-30 20:20:19,356 - WARNING - Sesiµn invÃlida | user=1
2026-03-30 20:20:19,361 - WARNING - Sesiµn invÃlida | user=1
2026-03-30 20:20:19,366 - WARNING - Sesiµn invÃlida | user=1
2026-03-30 20:20:19,373 - WARNING - Sesiµn invÃlida | user=1
2026-03-30 20:20:19,378 - WARNING - Sesiµn invÃlida | user=1
2026-03-30 20:20:19,383 - WARNING - Sesiµn invÃlida | user=1
2026-03-30 20:20:19,389 - WARNING - Sesiµn invÃlida | user=1
2026-03-30 20:20:19,393 - WARNING - Sesiµn invÃlida | user=1
2026-03-30 20:20:19,398 - WARNING - Sesiµn invÃlida | user=1
2026-03-30 20:20:19,403 - WARNING - Sesiµn invÃlida | user=1
2026-03-30 20:20:19,408 - WARNING - Sesiµn invÃlida | user=1
2026-03-30 20:20:19,413 - WARNING - Sesiµn invÃlida | user=1
2026-03-30 20:20:19,418 - WARNING - Sesiµn invÃlida | user=1
2026-03-30 20:20:19,423 - WARNING - Sesiµn invÃlida | user=1
2026-03-30 20:20:19,427 - WARNING - Sesiµn invÃlida | user=1
2026-03-30 20:20:19,433 - WARNING - Sesiµn invÃlida | user=1
2026-03-30 20:20:19,437 - WARNING - Sesiµn invÃlida | user=1
2026-03-30 20:20:19,441 - WARNING - Sesiµn invÃlida | user=1
2026-03-30 20:20:24,467 - WARNING - Sesiµn invÃlida | user=1
2026-03-30 20:20:24,472 - WARNING - Sesiµn invÃlida | user=1
2026-03-30 20:20:24,478 - WARNING - Sesiµn invÃlida | user=1
2026-03-30 20:20:24,483 - WARNING - Sesiµn invÃlida | user=1
2026-03-30 20:20:24,488 - WARNING - Sesiµn invÃlida | user=1
2026-03-30 20:20:24,494 - WARNING - Sesiµn invÃlida | user=1
2026-03-30 20:20:24,499 - WARNING - Sesiµn invÃlida | user=1
2026-03-30 20:20:24,504 - WARNING - Sesiµn invÃlida | user=1
2026-03-30 20:20:24,508 - WARNING - Sesiµn invÃlida | user=1
2026-03-30 20:20:24,512 - WARNING - Sesiµn invÃlida | user=1
2026-03-30 20:20:24,517 - WARNING - Sesiµn invÃlida | user=1
2026-03-30 20:20:24,522 - WARNING - Sesiµn invÃlida | user=1
2026-03-30 20:20:24,528 - WARNING - Sesiµn invÃlida | user=1
2026-03-30 20:20:24,532 - WARNING - Sesiµn invÃlida | user=1
2026-03-30 20:20:24,537 - WARNING - Sesiµn invÃlida | user=1
2026-03-30 20:20:24,541 - WARNING - Sesiµn invÃlida | user=1
2026-03-30 20:20:24,546 - WARNING - Sesiµn invÃlida | user=1
2026-03-30 20:20:24,551 - WARNING - Sesiµn invÃlida | user=1
2026-03-30 20:20:24,555 - WARNING - Sesiµn invÃlida | user=1
2026-03-30 20:20:24,560 - WARNING - Sesiµn invÃlida | user=1
2026-03-30 20:20:37,997 - INFO - Login exitoso | email=admin@example.com | ip=127.0.0.1
2026-03-30 20:20:38,002 - WARNING - Sesiµn invÃlida | user=1
2026-03-30 20:20:38,007 - WARNING - Sesiµn invÃlida | user=1
2026-03-30 20:20:38,011 - WARNING - Sesiµn invÃlida | user=1
2026-03-30 20:20:38,015 - WARNING - Sesiµn invÃlida | user=1
2026-03-30 20:20:38,018 - WARNING - Sesiµn invÃlida | user=1
2026-03-30 20:20:38,022 - WARNING - Sesiµn invÃlida | user=1
2026-03-30 20:20:38,025 - WARNING - Sesiµn invÃlida | user=1
2026-03-30 20:20:38,028 - WARNING - Sesiµn invÃlida | user=1
2026-03-30 20:20:38,032 - WARNING - Sesiµn invÃlida | user=1
2026-03-30 20:20:38,035 - WARNING - Sesiµn invÃlida | user=1
2026-03-30 20:20:38,040 - WARNING - Sesiµn invÃlida | user=1
2026-03-30 20:20:38,043 - WARNING - Sesiµn invÃlida | user=1
2026-03-30 20:20:38,047 - WARNING - Sesiµn invÃlida | user=1
2026-03-30 20:20:38,051 - WARNING - Sesiµn invÃlida | user=1
2026-03-30 20:20:38,056 - WARNING - Sesiµn invÃlida | user=1
2026-03-30 20:20:38,059 - WARNING - Sesiµn invÃlida | user=1
2026-03-30 20:20:38,063 - WARNING - Sesiµn invÃlida | user=1
2026-03-30 20:20:38,066 - WARNING - Sesiµn invÃlida | user=1
2026-03-30 20:20:38,070 - WARNING - Sesiµn invÃlida | user=1
2026-03-30 20:20:38,074 - WARNING - Sesiµn invÃlida | user=1
2026-03-30 20:22:52,026 - DEBUG - La aplicaciµn ha iniciado correctamente
2026-03-30 20:23:05,431 - DEBUG - La aplicaciµn ha iniciado correctamente
2026-03-30 20:23:13,572 - DEBUG - La aplicaciµn ha iniciado correctamente
2026-03-30 20:24:10,034 - DEBUG - La aplicaciµn ha iniciado correctamente
2026-03-30 20:24:10,665 - DEBUG - La aplicaciµn ha iniciado correctamente
2026-03-30 20:24:53,393 - DEBUG - La aplicaciµn ha iniciado correctamente
2026-03-30 20:25:06,628 - INFO - Login exitoso | email=admin@example.com | ip=127.0.0.1
2026-03-30 20:25:06,635 - WARNING - Sesiµn invÃlida | user=1
2026-03-30 20:25:09,580 - INFO - Login exitoso | email=admin@example.com | ip=127.0.0.1
2026-03-30 20:25:09,587 - WARNING - Sesiµn invÃlida | user=1
2026-03-30 20:25:46,339 - INFO - Login exitoso | email=admin@example.com | ip=127.0.0.1
2026-03-30 20:25:46,346 - WARNING - Sesiµn invÃlida | user=1
2026-03-30 20:26:10,274 - WARNING - Sesiµn invÃlida | user=1
2026-03-30 20:28:24,800 - DEBUG - La aplicaciµn ha iniciado correctamente
2026-03-30 20:28:30,264 - INFO - Login exitoso | email=admin@example.com | ip=127.0.0.1
2026-03-30 20:28:42,568 - INFO - Login exitoso | email=admin@example.com | ip=127.0.0.1
2026-03-30 20:28:44,209 - WARNING - Sesiµn invÃlida | user=1
2026-03-30 20:28:55,478 - WARNING - Sesiµn invÃlida | user=1
2026-03-30 20:28:58,615 - INFO - Login exitoso | email=admin@example.com | ip=127.0.0.1
2026-03-30 20:29:00,710 - WARNING - Sesiµn invÃlida | user=1
2026-03-30 20:31:00,310 - INFO - Login exitoso | email=admin@example.com | ip=127.0.0.1
2026-03-30 20:31:12,506 - WARNING - Sesiµn invÃlida | user=1
2026-03-30 21:31:44,470 - WARNING - Sesiµn invÃlida | user=1
2026-03-30 21:31:55,536 - WARNING - Sesiµn invÃlida | user=1
2026-03-30 21:32:00,087 - WARNING - Sesiµn invÃlida | user=1
2026-03-30 21:33:22,543 - DEBUG - La aplicaciµn ha iniciado correctamente
2026-03-30 21:34:01,092 - DEBUG - La aplicaciµn ha iniciado correctamente
2026-03-30 21:34:23,894 - DEBUG - La aplicaciµn ha iniciado correctamente
2026-03-30 21:34:44,559 - DEBUG - La aplicaciµn ha iniciado correctamente
2026-03-30 21:35:23,616 - INFO - Login exitoso | email=admin@example.com | ip=127.0.0.1
2026-03-30 21:35:45,667 - DEBUG - La aplicaciµn ha iniciado correctamente
2026-03-30 21:35:46,343 - DEBUG - La aplicaciµn ha iniciado correctamente
2026-03-30 21:35:50,990 - INFO - Login exitoso | email=admin@example.com | ip=127.0.0.1
2026-03-30 21:37:34,927 - INFO - Login exitoso | email=admin@example.com | ip=127.0.0.1
2026-03-30 21:38:15,617 - WARNING - Intento fallido | email=emmanuelortizreyes3@gmail.com | ip=127.0.0.1
2026-03-30 21:38:25,641 - WARNING - Intento fallido | email=emmanuelortizreyes3@gmail.com | ip=127.0.0.1
2026-03-30 21:38:39,157 - INFO - Login exitoso | email=emmanuelortizreyes3@gmail.com | ip=127.0.0.1
2026-03-30 21:38:57,494 - INFO - Login exitoso | email=admin@example.com | ip=127.0.0.1
2026-03-30 21:45:03,591 - INFO - user = admin admin admin admin@example.com estado: True -> False cambiado por: emmanuelortizreyes3@gmail.com
2026-03-30 21:45:21,708 - INFO - Login exitoso | email=jemanu@gmail.com | ip=127.0.0.1
2026-03-30 21:45:38,026 - INFO - Login exitoso | email=emmanuel@example.com | ip=127.0.0.1
2026-03-30 21:45:54,111 - INFO - Login exitoso | email=jmreyes@liverpool.com.mx | ip=127.0.0.1
2026-03-30 21:46:06,682 - INFO - Login exitoso | email=PRUEBA@PRUEBA.PRUEBA | ip=127.0.0.1
2026-03-30 21:49:27,876 - INFO - user = admin admin admin admin@example.com estado: False -> True cambiado por: emmanuelortizreyes3@gmail.com
2026-03-30 21:49:39,537 - INFO - Login exitoso | email=admin@example.com | ip=127.0.0.1
2026-03-30 21:53:19,498 - DEBUG - La aplicaciµn ha iniciado correctamente
2026-03-30 21:53:26,200 - INFO - Login exitoso | email=admin@example.com | ip=127.0.0.1
2026-03-30 21:54:30,590 - DEBUG - La aplicaciµn ha iniciado correctamente
